<?xml version="1.0" encoding="UTF-8"?>
<testsuite name="StackTests" tests="1" skipped="0" failures="0" errors="0" timestamp="2023-03-05T16:18:20" hostname="jihunui-MacBookAir.local" time="0.007">
  <properties/>
  <testcase name="테스트 실행" classname="StackTests" time="0.007"/>
  <system-out><![CDATA[]]></system-out>
  <system-err><![CDATA[]]></system-err>
</testsuite>
