<?xml version="1.0" encoding="UTF-8"?>
<testsuite name="StackTests" tests="2" skipped="0" failures="0" errors="0" timestamp="2023-03-09T11:51:56" hostname="jihunui-MacBookAir.local" time="0.015">
  <properties/>
  <testcase name="스택 생성 테스트" classname="StackTests" time="0.012"/>
  <testcase name="push 테스트" classname="StackTests" time="0.003"/>
  <system-out><![CDATA[]]></system-out>
  <system-err><![CDATA[]]></system-err>
</testsuite>
