<?xml version="1.0" encoding="UTF-8"?>
<testsuite name="StackTests" tests="1" skipped="0" failures="0" errors="0" timestamp="2023-03-09T11:55:23" hostname="jihunui-MacBookAir.local" time="0.011">
  <properties/>
  <testcase name="push 테스트" classname="StackTests" time="0.011"/>
  <system-out><![CDATA[]]></system-out>
  <system-err><![CDATA[]]></system-err>
</testsuite>
