<?xml version="1.0" encoding="UTF-8"?>
<testsuite name="StackTests" tests="7" skipped="0" failures="0" errors="0" timestamp="2023-03-09T14:25:01" hostname="jihunui-MacBookAir.local" time="0.019">
  <properties/>
  <testcase name="item을 넣었을 때 size 테스트" classname="StackTests" time="0.013"/>
  <testcase name="empty 테스트" classname="StackTests" time="0.001"/>
  <testcase name="search 테스트" classname="StackTests" time="0.001"/>
  <testcase name="pop 테스트" classname="StackTests" time="0.001"/>
  <testcase name="peek 테스트" classname="StackTests" time="0.0"/>
  <testcase name="size 테스트" classname="StackTests" time="0.0"/>
  <testcase name="push 테스트" classname="StackTests" time="0.001"/>
  <system-out><![CDATA[]]></system-out>
  <system-err><![CDATA[]]></system-err>
</testsuite>
