<?xml version="1.0" encoding="UTF-8"?>
<testsuite name="StackTests" tests="1" skipped="0" failures="0" errors="0" timestamp="2023-03-09T12:28:53" hostname="jihunui-MacBookAir.local" time="0.01">
  <properties/>
  <testcase name="pop 테스트" classname="StackTests" time="0.01"/>
  <system-out><![CDATA[]]></system-out>
  <system-err><![CDATA[]]></system-err>
</testsuite>
